<?xml version="1.0" encoding="UTF-8"?>
<testng-results skipped="0" failed="3" ignored="0" total="9" passed="6">
  <reporter-output>
  </reporter-output>
  <suite name="Default suite" duration-ms="953" started-at="2022-11-13T10:08:50Z" finished-at="2022-11-13T10:08:51Z">
    <groups>
    </groups>
    <test name="Default test" duration-ms="953" started-at="2022-11-13T10:08:50Z" finished-at="2022-11-13T10:08:51Z">
      <class name="unit_tesing.TestPhepToan">
        <test-method status="PASS" signature="Bf()[pri:0, instance:unit_tesing.TestPhepToan@55d56113]" name="Bf" is-config="true" duration-ms="4" started-at="2022-11-13T17:08:51Z" finished-at="2022-11-13T17:08:51Z">
          <reporter-output>
          </reporter-output>
        </test-method> <!-- Bf -->
        <test-method status="PASS" signature="TestCong(float, float, float)[pri:0, instance:unit_tesing.TestPhepToan@55d56113]" name="TestCong" duration-ms="2" started-at="2022-11-13T17:08:51Z" data-provider="testdata+" finished-at="2022-11-13T17:08:51Z">
          <params>
            <param index="0">
              <value>
                <![CDATA[1.0]]>
              </value>
            </param>
            <param index="1">
              <value>
                <![CDATA[2.0]]>
              </value>
            </param>
            <param index="2">
              <value>
                <![CDATA[3.0]]>
              </value>
            </param>
          </params>
          <reporter-output>
          </reporter-output>
        </test-method> <!-- TestCong -->
        <test-method status="PASS" signature="Af()[pri:0, instance:unit_tesing.TestPhepToan@55d56113]" name="Af" is-config="true" duration-ms="5" started-at="2022-11-13T17:08:51Z" finished-at="2022-11-13T17:08:51Z">
          <reporter-output>
          </reporter-output>
        </test-method> <!-- Af -->
        <test-method status="PASS" signature="Bf()[pri:0, instance:unit_tesing.TestPhepToan@55d56113]" name="Bf" is-config="true" duration-ms="0" started-at="2022-11-13T17:08:51Z" finished-at="2022-11-13T17:08:51Z">
          <reporter-output>
          </reporter-output>
        </test-method> <!-- Bf -->
        <test-method status="PASS" signature="TestCong(float, float, float)[pri:0, instance:unit_tesing.TestPhepToan@55d56113]" name="TestCong" duration-ms="0" started-at="2022-11-13T17:08:51Z" data-provider="testdata+" finished-at="2022-11-13T17:08:51Z">
          <params>
            <param index="0">
              <value>
                <![CDATA[5.0]]>
              </value>
            </param>
            <param index="1">
              <value>
                <![CDATA[5.0]]>
              </value>
            </param>
            <param index="2">
              <value>
                <![CDATA[10.0]]>
              </value>
            </param>
          </params>
          <reporter-output>
          </reporter-output>
        </test-method> <!-- TestCong -->
        <test-method status="PASS" signature="Af()[pri:0, instance:unit_tesing.TestPhepToan@55d56113]" name="Af" is-config="true" duration-ms="0" started-at="2022-11-13T17:08:51Z" finished-at="2022-11-13T17:08:51Z">
          <reporter-output>
          </reporter-output>
        </test-method> <!-- Af -->
        <test-method status="PASS" signature="Bf()[pri:0, instance:unit_tesing.TestPhepToan@55d56113]" name="Bf" is-config="true" duration-ms="0" started-at="2022-11-13T17:08:51Z" finished-at="2022-11-13T17:08:51Z">
          <reporter-output>
          </reporter-output>
        </test-method> <!-- Bf -->
        <test-method status="PASS" signature="TestCong(float, float, float)[pri:0, instance:unit_tesing.TestPhepToan@55d56113]" name="TestCong" duration-ms="1" started-at="2022-11-13T17:08:51Z" data-provider="testdata+" finished-at="2022-11-13T17:08:51Z">
          <params>
            <param index="0">
              <value>
                <![CDATA[10.5]]>
              </value>
            </param>
            <param index="1">
              <value>
                <![CDATA[4.5]]>
              </value>
            </param>
            <param index="2">
              <value>
                <![CDATA[15.0]]>
              </value>
            </param>
          </params>
          <reporter-output>
          </reporter-output>
        </test-method> <!-- TestCong -->
        <test-method status="PASS" signature="Af()[pri:0, instance:unit_tesing.TestPhepToan@55d56113]" name="Af" is-config="true" duration-ms="0" started-at="2022-11-13T17:08:51Z" finished-at="2022-11-13T17:08:51Z">
          <reporter-output>
          </reporter-output>
        </test-method> <!-- Af -->
        <test-method status="PASS" signature="Bf()[pri:0, instance:unit_tesing.TestPhepToan@55d56113]" name="Bf" is-config="true" duration-ms="7" started-at="2022-11-13T17:08:51Z" finished-at="2022-11-13T17:08:51Z">
          <reporter-output>
          </reporter-output>
        </test-method> <!-- Bf -->
        <test-method status="FAIL" signature="TestNhan(float, float, float)[pri:0, instance:unit_tesing.TestPhepToan@55d56113]" name="TestNhan" duration-ms="0" started-at="2022-11-13T17:08:51Z" data-provider="testdata*" finished-at="2022-11-13T17:08:51Z">
          <params>
            <param index="0">
              <value>
                <![CDATA[2.0]]>
              </value>
            </param>
            <param index="1">
              <value>
                <![CDATA[2.0]]>
              </value>
            </param>
            <param index="2">
              <value>
                <![CDATA[4.0]]>
              </value>
            </param>
          </params>
          <exception class="java.lang.AssertionError">
            <message>
              <![CDATA[Sai expected [4.0] but found [5.0]]]>
            </message>
            <full-stacktrace>
              <![CDATA[java.lang.AssertionError: Sai expected [4.0] but found [5.0]
	at org.testng.Assert.fail(Assert.java:93)
	at org.testng.Assert.failNotEquals(Assert.java:512)
	at org.testng.Assert.assertEqualsImpl(Assert.java:134)
	at org.testng.Assert.assertEquals(Assert.java:115)
	at unit_tesing.TestPhepToan.TestNhan(TestPhepToan.java:39)
	at sun.reflect.NativeMethodAccessorImpl.invoke0(Native Method)
	at sun.reflect.NativeMethodAccessorImpl.invoke(Unknown Source)
	at sun.reflect.DelegatingMethodAccessorImpl.invoke(Unknown Source)
	at java.lang.reflect.Method.invoke(Unknown Source)
	at org.testng.internal.MethodInvocationHelper.invokeMethod(MethodInvocationHelper.java:108)
	at org.testng.internal.Invoker.invokeMethod(Invoker.java:661)
	at org.testng.internal.Invoker.invokeTestMethod(Invoker.java:869)
	at org.testng.internal.Invoker.invokeTestMethods(Invoker.java:1193)
	at org.testng.internal.TestMethodWorker.invokeTestMethods(TestMethodWorker.java:126)
	at org.testng.internal.TestMethodWorker.run(TestMethodWorker.java:109)
	at org.testng.TestRunner.privateRun(TestRunner.java:744)
	at org.testng.TestRunner.run(TestRunner.java:602)
	at org.testng.SuiteRunner.runTest(SuiteRunner.java:380)
	at org.testng.SuiteRunner.runSequentially(SuiteRunner.java:375)
	at org.testng.SuiteRunner.privateRun(SuiteRunner.java:340)
	at org.testng.SuiteRunner.run(SuiteRunner.java:289)
	at org.testng.SuiteRunnerWorker.runSuite(SuiteRunnerWorker.java:52)
	at org.testng.SuiteRunnerWorker.run(SuiteRunnerWorker.java:86)
	at org.testng.TestNG.runSuitesSequentially(TestNG.java:1301)
	at org.testng.TestNG.runSuitesLocally(TestNG.java:1226)
	at org.testng.TestNG.runSuites(TestNG.java:1144)
	at org.testng.TestNG.run(TestNG.java:1115)
	at org.testng.remote.AbstractRemoteTestNG.run(AbstractRemoteTestNG.java:132)
	at org.testng.remote.RemoteTestNG.initAndRun(RemoteTestNG.java:230)
	at org.testng.remote.RemoteTestNG.main(RemoteTestNG.java:76)
]]>
            </full-stacktrace>
          </exception> <!-- java.lang.AssertionError -->
          <reporter-output>
          </reporter-output>
        </test-method> <!-- TestNhan -->
        <test-method status="PASS" signature="Bf()[pri:0, instance:unit_tesing.TestPhepToan@55d56113]" name="Bf" is-config="true" duration-ms="0" started-at="2022-11-13T17:08:51Z" finished-at="2022-11-13T17:08:51Z">
          <reporter-output>
          </reporter-output>
        </test-method> <!-- Bf -->
        <test-method status="PASS" signature="Af()[pri:0, instance:unit_tesing.TestPhepToan@55d56113]" name="Af" is-config="true" duration-ms="0" started-at="2022-11-13T17:08:51Z" finished-at="2022-11-13T17:08:51Z">
          <reporter-output>
          </reporter-output>
        </test-method> <!-- Af -->
        <test-method status="FAIL" signature="TestNhan(float, float, float)[pri:0, instance:unit_tesing.TestPhepToan@55d56113]" name="TestNhan" duration-ms="2" started-at="2022-11-13T17:08:51Z" data-provider="testdata*" finished-at="2022-11-13T17:08:51Z">
          <params>
            <param index="0">
              <value>
                <![CDATA[3.0]]>
              </value>
            </param>
            <param index="1">
              <value>
                <![CDATA[5.0]]>
              </value>
            </param>
            <param index="2">
              <value>
                <![CDATA[15.0]]>
              </value>
            </param>
          </params>
          <exception class="java.lang.AssertionError">
            <message>
              <![CDATA[Sai expected [15.0] but found [16.0]]]>
            </message>
            <full-stacktrace>
              <![CDATA[java.lang.AssertionError: Sai expected [15.0] but found [16.0]
	at org.testng.Assert.fail(Assert.java:93)
	at org.testng.Assert.failNotEquals(Assert.java:512)
	at org.testng.Assert.assertEqualsImpl(Assert.java:134)
	at org.testng.Assert.assertEquals(Assert.java:115)
	at unit_tesing.TestPhepToan.TestNhan(TestPhepToan.java:39)
	at sun.reflect.NativeMethodAccessorImpl.invoke0(Native Method)
	at sun.reflect.NativeMethodAccessorImpl.invoke(Unknown Source)
	at sun.reflect.DelegatingMethodAccessorImpl.invoke(Unknown Source)
	at java.lang.reflect.Method.invoke(Unknown Source)
	at org.testng.internal.MethodInvocationHelper.invokeMethod(MethodInvocationHelper.java:108)
	at org.testng.internal.Invoker.invokeMethod(Invoker.java:661)
	at org.testng.internal.Invoker.invokeTestMethod(Invoker.java:869)
	at org.testng.internal.Invoker.invokeTestMethods(Invoker.java:1193)
	at org.testng.internal.TestMethodWorker.invokeTestMethods(TestMethodWorker.java:126)
	at org.testng.internal.TestMethodWorker.run(TestMethodWorker.java:109)
	at org.testng.TestRunner.privateRun(TestRunner.java:744)
	at org.testng.TestRunner.run(TestRunner.java:602)
	at org.testng.SuiteRunner.runTest(SuiteRunner.java:380)
	at org.testng.SuiteRunner.runSequentially(SuiteRunner.java:375)
	at org.testng.SuiteRunner.privateRun(SuiteRunner.java:340)
	at org.testng.SuiteRunner.run(SuiteRunner.java:289)
	at org.testng.SuiteRunnerWorker.runSuite(SuiteRunnerWorker.java:52)
	at org.testng.SuiteRunnerWorker.run(SuiteRunnerWorker.java:86)
	at org.testng.TestNG.runSuitesSequentially(TestNG.java:1301)
	at org.testng.TestNG.runSuitesLocally(TestNG.java:1226)
	at org.testng.TestNG.runSuites(TestNG.java:1144)
	at org.testng.TestNG.run(TestNG.java:1115)
	at org.testng.remote.AbstractRemoteTestNG.run(AbstractRemoteTestNG.java:132)
	at org.testng.remote.RemoteTestNG.initAndRun(RemoteTestNG.java:230)
	at org.testng.remote.RemoteTestNG.main(RemoteTestNG.java:76)
]]>
            </full-stacktrace>
          </exception> <!-- java.lang.AssertionError -->
          <reporter-output>
          </reporter-output>
        </test-method> <!-- TestNhan -->
        <test-method status="PASS" signature="Bf()[pri:0, instance:unit_tesing.TestPhepToan@55d56113]" name="Bf" is-config="true" duration-ms="0" started-at="2022-11-13T17:08:51Z" finished-at="2022-11-13T17:08:51Z">
          <reporter-output>
          </reporter-output>
        </test-method> <!-- Bf -->
        <test-method status="PASS" signature="Af()[pri:0, instance:unit_tesing.TestPhepToan@55d56113]" name="Af" is-config="true" duration-ms="0" started-at="2022-11-13T17:08:51Z" finished-at="2022-11-13T17:08:51Z">
          <reporter-output>
          </reporter-output>
        </test-method> <!-- Af -->
        <test-method status="FAIL" signature="TestNhan(float, float, float)[pri:0, instance:unit_tesing.TestPhepToan@55d56113]" name="TestNhan" duration-ms="5" started-at="2022-11-13T17:08:51Z" data-provider="testdata*" finished-at="2022-11-13T17:08:51Z">
          <params>
            <param index="0">
              <value>
                <![CDATA[2.5]]>
              </value>
            </param>
            <param index="1">
              <value>
                <![CDATA[3.0]]>
              </value>
            </param>
            <param index="2">
              <value>
                <![CDATA[7.0]]>
              </value>
            </param>
          </params>
          <exception class="java.lang.AssertionError">
            <message>
              <![CDATA[Sai expected [7.0] but found [8.5]]]>
            </message>
            <full-stacktrace>
              <![CDATA[java.lang.AssertionError: Sai expected [7.0] but found [8.5]
	at org.testng.Assert.fail(Assert.java:93)
	at org.testng.Assert.failNotEquals(Assert.java:512)
	at org.testng.Assert.assertEqualsImpl(Assert.java:134)
	at org.testng.Assert.assertEquals(Assert.java:115)
	at unit_tesing.TestPhepToan.TestNhan(TestPhepToan.java:39)
	at sun.reflect.NativeMethodAccessorImpl.invoke0(Native Method)
	at sun.reflect.NativeMethodAccessorImpl.invoke(Unknown Source)
	at sun.reflect.DelegatingMethodAccessorImpl.invoke(Unknown Source)
	at java.lang.reflect.Method.invoke(Unknown Source)
	at org.testng.internal.MethodInvocationHelper.invokeMethod(MethodInvocationHelper.java:108)
	at org.testng.internal.Invoker.invokeMethod(Invoker.java:661)
	at org.testng.internal.Invoker.invokeTestMethod(Invoker.java:869)
	at org.testng.internal.Invoker.invokeTestMethods(Invoker.java:1193)
	at org.testng.internal.TestMethodWorker.invokeTestMethods(TestMethodWorker.java:126)
	at org.testng.internal.TestMethodWorker.run(TestMethodWorker.java:109)
	at org.testng.TestRunner.privateRun(TestRunner.java:744)
	at org.testng.TestRunner.run(TestRunner.java:602)
	at org.testng.SuiteRunner.runTest(SuiteRunner.java:380)
	at org.testng.SuiteRunner.runSequentially(SuiteRunner.java:375)
	at org.testng.SuiteRunner.privateRun(SuiteRunner.java:340)
	at org.testng.SuiteRunner.run(SuiteRunner.java:289)
	at org.testng.SuiteRunnerWorker.runSuite(SuiteRunnerWorker.java:52)
	at org.testng.SuiteRunnerWorker.run(SuiteRunnerWorker.java:86)
	at org.testng.TestNG.runSuitesSequentially(TestNG.java:1301)
	at org.testng.TestNG.runSuitesLocally(TestNG.java:1226)
	at org.testng.TestNG.runSuites(TestNG.java:1144)
	at org.testng.TestNG.run(TestNG.java:1115)
	at org.testng.remote.AbstractRemoteTestNG.run(AbstractRemoteTestNG.java:132)
	at org.testng.remote.RemoteTestNG.initAndRun(RemoteTestNG.java:230)
	at org.testng.remote.RemoteTestNG.main(RemoteTestNG.java:76)
]]>
            </full-stacktrace>
          </exception> <!-- java.lang.AssertionError -->
          <reporter-output>
          </reporter-output>
        </test-method> <!-- TestNhan -->
        <test-method status="PASS" signature="Af()[pri:0, instance:unit_tesing.TestPhepToan@55d56113]" name="Af" is-config="true" duration-ms="0" started-at="2022-11-13T17:08:51Z" finished-at="2022-11-13T17:08:51Z">
          <reporter-output>
          </reporter-output>
        </test-method> <!-- Af -->
        <test-method status="PASS" signature="TestTru(float, float, float)[pri:0, instance:unit_tesing.TestPhepToan@55d56113]" name="TestTru" duration-ms="9" started-at="2022-11-13T17:08:51Z" data-provider="testdata-" finished-at="2022-11-13T17:08:51Z">
          <params>
            <param index="0">
              <value>
                <![CDATA[0.0]]>
              </value>
            </param>
            <param index="1">
              <value>
                <![CDATA[5.0]]>
              </value>
            </param>
            <param index="2">
              <value>
                <![CDATA[-5.0]]>
              </value>
            </param>
          </params>
          <reporter-output>
          </reporter-output>
        </test-method> <!-- TestTru -->
        <test-method status="PASS" signature="Bf()[pri:0, instance:unit_tesing.TestPhepToan@55d56113]" name="Bf" is-config="true" duration-ms="0" started-at="2022-11-13T17:08:51Z" finished-at="2022-11-13T17:08:51Z">
          <reporter-output>
          </reporter-output>
        </test-method> <!-- Bf -->
        <test-method status="PASS" signature="Af()[pri:0, instance:unit_tesing.TestPhepToan@55d56113]" name="Af" is-config="true" duration-ms="0" started-at="2022-11-13T17:08:51Z" finished-at="2022-11-13T17:08:51Z">
          <reporter-output>
          </reporter-output>
        </test-method> <!-- Af -->
        <test-method status="PASS" signature="TestTru(float, float, float)[pri:0, instance:unit_tesing.TestPhepToan@55d56113]" name="TestTru" duration-ms="1" started-at="2022-11-13T17:08:51Z" data-provider="testdata-" finished-at="2022-11-13T17:08:51Z">
          <params>
            <param index="0">
              <value>
                <![CDATA[2.0]]>
              </value>
            </param>
            <param index="1">
              <value>
                <![CDATA[2.0]]>
              </value>
            </param>
            <param index="2">
              <value>
                <![CDATA[0.0]]>
              </value>
            </param>
          </params>
          <reporter-output>
          </reporter-output>
        </test-method> <!-- TestTru -->
        <test-method status="PASS" signature="Bf()[pri:0, instance:unit_tesing.TestPhepToan@55d56113]" name="Bf" is-config="true" duration-ms="0" started-at="2022-11-13T17:08:51Z" finished-at="2022-11-13T17:08:51Z">
          <reporter-output>
          </reporter-output>
        </test-method> <!-- Bf -->
        <test-method status="PASS" signature="Af()[pri:0, instance:unit_tesing.TestPhepToan@55d56113]" name="Af" is-config="true" duration-ms="0" started-at="2022-11-13T17:08:51Z" finished-at="2022-11-13T17:08:51Z">
          <reporter-output>
          </reporter-output>
        </test-method> <!-- Af -->
        <test-method status="PASS" signature="Bf()[pri:0, instance:unit_tesing.TestPhepToan@55d56113]" name="Bf" is-config="true" duration-ms="0" started-at="2022-11-13T17:08:51Z" finished-at="2022-11-13T17:08:51Z">
          <reporter-output>
          </reporter-output>
        </test-method> <!-- Bf -->
        <test-method status="PASS" signature="TestTru(float, float, float)[pri:0, instance:unit_tesing.TestPhepToan@55d56113]" name="TestTru" duration-ms="0" started-at="2022-11-13T17:08:51Z" data-provider="testdata-" finished-at="2022-11-13T17:08:51Z">
          <params>
            <param index="0">
              <value>
                <![CDATA[20.0]]>
              </value>
            </param>
            <param index="1">
              <value>
                <![CDATA[3.5]]>
              </value>
            </param>
            <param index="2">
              <value>
                <![CDATA[16.5]]>
              </value>
            </param>
          </params>
          <reporter-output>
          </reporter-output>
        </test-method> <!-- TestTru -->
        <test-method status="PASS" signature="Af()[pri:0, instance:unit_tesing.TestPhepToan@55d56113]" name="Af" is-config="true" duration-ms="0" started-at="2022-11-13T17:08:51Z" finished-at="2022-11-13T17:08:51Z">
          <reporter-output>
          </reporter-output>
        </test-method> <!-- Af -->
      </class> <!-- unit_tesing.TestPhepToan -->
    </test> <!-- Default test -->
  </suite> <!-- Default suite -->
</testng-results>
